[aspend.xyz/index.html]
[backblue.gif]
[fade.gif]
[index.html]
[aspend.xyz/assets/index.png]
[aspend.xyz/css/style.css]
[stackpath.bootstrapcdn.com/bootstrap/4.3.1/css/bootstrap.min.css]
[stackpath.bootstrapcdn.com/bootstrap/4.3.1/js/bootstrap.min.js]
[aspend.xyz/js/t.min.js]
[aspend.xyz/css/animate.css]
[aspend.xyz/js/wow.min.js]
[aspend.xyz/about.html]
[aspend.xyz/brew.html]
[cdnjs.cloudflare.com/ajax/libs/gsap/2.1.2/TweenMax.min.js]
[aspend.xyz/index.html]
[aspend.xyz/css/style.css]
[stackpath.bootstrapcdn.com/bootstrap/4.3.1/css/bootstrap.min.css]
[aspend.xyz/css/animate.css]
[aspend.xyz/about.html]
[aspend.xyz/brew.html]
[code.jquery.com/jquery-3.4.1.js]
